\BOOKMARK [1][-]{section.1}{\376\377\176\352\213\272\000\040\000\050\000I\000n\000t\000r\000o\000d\000u\000c\000t\000i\000o\000n\000\051}{}% 1
\BOOKMARK [2][-]{subsection.1.1}{\376\377\170\024\172\166\200\314\146\157\116\016\133\217\211\302\163\257\130\203}{section.1}% 2
\BOOKMARK [3][-]{subsubsection.1.1.1}{\376\377\121\150\164\003\154\024\120\031\123\330\123\026\116\016\116\055\126\375\040\034\123\314\170\263\040\035\142\030\165\145}{subsection.1.1}% 3
\BOOKMARK [3][-]{subsubsection.1.1.2}{\376\377\155\210\215\071\123\107\176\247\116\016\165\037\234\234\165\065\125\106\166\204\162\006\123\321}{subsection.1.1}% 4
\BOOKMARK [2][-]{subsection.1.2}{\376\377\225\356\230\230\226\110\217\360\116\016\170\024\172\166\141\017\116\111}{section.1}% 5
\BOOKMARK [3][-]{subsubsection.1.2.1}{\376\377\150\070\137\303\171\321\133\146\225\356\230\230}{subsection.1.2}% 6
\BOOKMARK [3][-]{subsubsection.1.2.2}{\376\377\170\024\172\166\166\204\164\006\213\272\116\016\133\236\215\365\116\367\120\074}{subsection.1.2}% 7
\BOOKMARK [1][-]{section.2}{\376\377\145\207\163\056\176\374\217\360\116\016\164\006\213\272\127\372\170\100\000\040\000\050\000L\000i\000t\000e\000r\000a\000t\000u\000r\000e\000\040\000R\000e\000v\000i\000e\000w\000\051}{}% 8
\BOOKMARK [2][-]{subsection.2.1}{\376\377\117\116\170\263\217\146\217\206\215\357\137\204\225\356\230\230\377\010\000L\000o\000w\000-\000C\000a\000r\000b\000o\000n\000\040\000V\000R\000P\377\011\170\024\172\166\163\260\162\266}{section.2}% 9
\BOOKMARK [2][-]{subsection.2.2}{\376\377\121\267\224\376\162\151\155\101\116\016\165\037\234\234\121\234\116\247\124\301\162\171\140\047}{section.2}% 10
\BOOKMARK [3][-]{subsubsection.2.2.1}{\376\377\122\066\121\267\200\375\200\027\147\072\164\006}{subsection.2.2}% 11
\BOOKMARK [3][-]{subsubsection.2.2.2}{\376\377\215\047\143\137\121\375\145\160\152\041\127\213}{subsection.2.2}% 12
\BOOKMARK [2][-]{subsection.2.3}{\376\377\154\102\211\343\173\227\154\325\157\024\217\333\377\032\116\316\124\057\123\321\137\017\122\060\174\276\170\156\173\227\154\325}{section.2}% 13
\BOOKMARK [1][-]{section.3}{\376\377\152\041\127\213\147\204\136\372\000\040\000\050\000M\000o\000d\000e\000l\000\040\000C\000o\000n\000s\000t\000r\000u\000c\000t\000i\000o\000n\000\051}{}% 14
\BOOKMARK [2][-]{subsection.3.1}{\376\377\225\356\230\230\143\317\217\360\116\016\120\107\213\276}{section.3}% 15
\BOOKMARK [2][-]{subsection.3.2}{\376\377\142\020\147\054\121\375\145\160\166\204\176\277\140\047\123\026\131\004\164\006}{section.3}% 16
\BOOKMARK [3][-]{subsubsection.3.2.1}{\376\377\227\131\140\001\217\271\142\020\147\054\000\040\000\050\000S\000t\000a\000t\000i\000c\000\040\000E\000d\000g\000e\000\040\000C\000o\000s\000t\000s\000,\000\040\000C\000i\000j\000\051}{subsection.3.2}% 17
\BOOKMARK [3][-]{subsubsection.3.2.2}{\376\377\122\250\140\001\202\202\160\271\142\020\147\054\000\040\000\050\000D\000y\000n\000a\000m\000i\000c\000\040\000N\000o\000d\000e\000\040\000C\000o\000s\000t\000s\000,\000\040\000C\000i\000\050\000t\000\051\000\051}{subsection.3.2}% 18
\BOOKMARK [2][-]{subsection.3.3}{\376\377\145\160\133\146\152\041\127\213\000\040\000\050\000M\000a\000s\000t\000e\000r\000\040\000P\000r\000o\000b\000l\000e\000m\000\051}{section.3}% 19
\BOOKMARK [1][-]{section.4}{\376\377\154\102\211\343\173\227\154\325\213\276\213\241\000\040\000\050\000M\000e\000t\000h\000o\000d\000o\000l\000o\000g\000y\000\051}{}% 20
\BOOKMARK [2][-]{subsection.4.1}{\376\377\000B\000r\000a\000n\000c\000h\000-\000a\000n\000d\000-\000P\000r\000i\000c\000e\000\040\173\227\154\325\150\106\147\266}{section.4}% 21
\BOOKMARK [3][-]{subsubsection.4.1.1}{\376\377\226\120\122\066\116\073\225\356\230\230\000\040\000\050\000R\000M\000P\000\051\000\040\116\016\133\371\120\166\117\341\140\157}{subsection.4.1}% 22
\BOOKMARK [3][-]{subsubsection.4.1.2}{\376\377\133\232\116\367\133\120\225\356\230\230\000\040\000\050\000P\000r\000i\000c\000i\000n\000g\000\040\000P\000r\000o\000b\000l\000e\000m\000\051}{subsection.4.1}% 23
\BOOKMARK [3][-]{subsubsection.4.1.3}{\376\377\122\006\145\057\173\126\165\145}{subsection.4.1}% 24
\BOOKMARK [2][-]{subsection.4.2}{\376\377\133\371\153\324\173\227\154\325\377\032\145\071\217\333\220\127\117\040\173\227\154\325\000\040\000\050\000I\000A\000G\000A\000\051}{section.4}% 25
\BOOKMARK [1][-]{section.5}{\376\377\133\236\213\301\122\006\147\220\116\016\116\377\167\037\133\236\232\214\000\040\000\050\000E\000x\000p\000e\000r\000i\000m\000e\000n\000t\000a\000l\000\040\000A\000n\000a\000l\000y\000s\000i\000s\000\051}{}% 26
\BOOKMARK [2][-]{subsection.5.1}{\376\377\145\160\143\156\147\145\156\220\116\016\123\302\145\160\213\276\177\156}{section.5}% 27
\BOOKMARK [2][-]{subsection.5.2}{\376\377\133\236\232\214\116\000\377\032\174\276\170\156\211\343\116\016\124\057\123\321\137\017\211\343\166\204\215\050\221\317\133\371\153\324\000\040\000\050\000S\000m\000a\000l\000l\000-\000S\000c\000a\000l\000e\000\051}{section.5}% 28
\BOOKMARK [2][-]{subsection.5.3}{\376\377\133\236\232\214\116\214\377\032\121\163\225\056\123\302\145\160\145\117\141\037\140\047\122\006\147\220}{section.5}% 29
\BOOKMARK [3][-]{subsubsection.5.3.1}{\376\377\170\263\172\016\172\016\163\207\133\371\221\115\220\001\173\126\165\145\166\204\137\161\124\315}{subsection.5.3}% 30
\BOOKMARK [3][-]{subsubsection.5.3.2}{\376\377\217\157\145\366\225\364\172\227\133\275\136\246\000\040\000\050\000\051\000\040\166\204\116\367\120\074}{subsection.5.3}% 31
\BOOKMARK [1][-]{section.6}{\376\377\173\054\121\155\172\340\000\040\173\241\164\006\124\057\171\072\116\016\176\323\213\272\000\040\000\050\000C\000o\000n\000c\000l\000u\000s\000i\000o\000n\000\051}{}% 32
\BOOKMARK [2][-]{subsection.6.1}{\376\377\173\241\164\006\124\057\171\072}{section.6}% 33
\BOOKMARK [2][-]{subsection.6.2}{\376\377\176\323\213\272}{section.6}% 34
